TN:
SF:/Users/iangrinspan/Documents/1C2023/Beca/verisol-echidna/verisol-test-main/echidna_output/CrowdfundingTReentrancy/1000000/epa/init.sol
DA:3,219
DA:5,544
DA:10,18
DA:14,0
DA:16,8
DA:17,113
DA:19,8
DA:20,81
DA:22,8
DA:23,107
DA:25,8
DA:26,94
DA:28,8
DA:29,103
DA:31,8
DA:32,122
DA:34,8
DA:35,40
DA:37,8
DA:38,62
DA:40,8
DA:41,71
DA:43,8
DA:44,90
DA:46,8
DA:47,88
DA:49,8
DA:50,97
DA:52,8
DA:53,116
DA:55,8
DA:56,94
DA:58,8
DA:59,94
DA:61,8
DA:62,103
DA:64,8
DA:65,40
DA:67,8
DA:68,40
DA:70,8
DA:71,40
DA:73,8
DA:74,62
DA:76,8
DA:77,62
DA:79,8
DA:80,71
DA:82,8
DA:83,88
DA:85,8
DA:86,88
DA:88,8
DA:89,97
DA:91,8
DA:92,94
DA:94,8
DA:95,40
DA:97,8
DA:98,40
DA:100,8
DA:101,40
DA:103,8
DA:104,62
DA:106,8
DA:107,88
DA:109,8
DA:110,40
DA:120,0
DA:121,0
DA:124,0
DA:125,0
DA:127,36
DA:128,21
DA:129,6
DA:130,6
DA:131,6
DA:132,6
DA:133,21
end_of_record

SF:/Users/iangrinspan/Documents/1C2023/Beca/verisol-echidna/verisol-test-main/echidna_output/CrowdfundingTReentrancy/1000000/epa/init.sol
DA:3,219
DA:5,544
DA:10,18
DA:14,0
DA:16,8
DA:17,113
DA:19,8
DA:20,81
DA:22,8
DA:23,107
DA:25,8
DA:26,94
DA:28,8
DA:29,103
DA:31,8
DA:32,122
DA:34,8
DA:35,40
DA:37,8
DA:38,62
DA:40,8
DA:41,71
DA:43,8
DA:44,90
DA:46,8
DA:47,88
DA:49,8
DA:50,97
DA:52,8
DA:53,116
DA:55,8
DA:56,94
DA:58,8
DA:59,94
DA:61,8
DA:62,103
DA:64,8
DA:65,40
DA:67,8
DA:68,40
DA:70,8
DA:71,40
DA:73,8
DA:74,62
DA:76,8
DA:77,62
DA:79,8
DA:80,71
DA:82,8
DA:83,88
DA:85,8
DA:86,88
DA:88,8
DA:89,97
DA:91,8
DA:92,94
DA:94,8
DA:95,40
DA:97,8
DA:98,40
DA:100,8
DA:101,40
DA:103,8
DA:104,62
DA:106,8
DA:107,88
DA:109,8
DA:110,40
DA:120,0
DA:121,0
DA:124,0
DA:125,0
DA:127,36
DA:128,21
DA:129,6
DA:130,6
DA:131,6
DA:132,6
DA:133,21
end_of_record

